# JRE version: OpenJDK Runtime Environment (8.0_202-b03) (build 1.8.0_202-release-1483-b03)
# Java VM: OpenJDK 64-Bit Server VM (25.202-b03 mixed mode windows-amd64 compressed oops)
Heap:
 PSYoungGen      total 310272K, used 178223K [0x00000000e0000000, 0x00000000f6680000, 0x0000000100000000)
  eden space 253440K, 67% used [0x00000000e0000000,0x00000000ea814618,0x00000000ef780000)
  from space 56832K, 10% used [0x00000000ef780000,0x00000000efd77738,0x00000000f2f00000)
  to   space 56320K, 0% used [0x00000000f2f80000,0x00000000f2f80000,0x00000000f6680000)
 ParOldGen       total 361472K, used 82211K [0x00000000a0000000, 0x00000000b6100000, 0x00000000e0000000)
  object space 361472K, 22% used [0x00000000a0000000,0x00000000a5048dd0,0x00000000b6100000)
 Metaspace       used 97705K, capacity 103154K, committed 103372K, reserved 1138688K
  class space    used 12937K, capacity 13961K, committed 14080K, reserved 1048576K
GC Heap History (10 events):
Event: 1727.750 GC heap before
{Heap before GC invocations=21 (full 3):
 PSYoungGen      total 226816K, used 226809K [0x00000000e0000000, 0x00000000f2800000, 0x0000000100000000)
  eden space 183296K, 100% used [0x00000000e0000000,0x00000000eb300000,0x00000000eb300000)
  from space 43520K, 99% used [0x00000000eb300000,0x00000000edd7e5f8,0x00000000edd80000)
  to   space 51712K, 0% used [0x00000000ef580000,0x00000000ef580000,0x00000000f2800000)
 ParOldGen       total 276992K, used 68471K [0x00000000a0000000, 0x00000000b0e80000, 0x00000000e0000000)
  object space 276992K, 24% used [0x00000000a0000000,0x00000000a42ddd40,0x00000000b0e80000)
 Metaspace       used 92530K, capacity 97638K, committed 97880K, reserved 1134592K
  class space    used 12269K, capacity 13317K, committed 13440K, reserved 1048576K
Event: 1727.798 GC heap after
Heap after GC invocations=21 (full 3):
 PSYoungGen      total 246784K, used 44243K [0x00000000e0000000, 0x00000000f3400000, 0x0000000100000000)
  eden space 195072K, 0% used [0x00000000e0000000,0x00000000e0000000,0x00000000ebe80000)
  from space 51712K, 85% used [0x00000000ef580000,0x00000000f20b4f38,0x00000000f2800000)
  to   space 56320K, 0% used [0x00000000ebe80000,0x00000000ebe80000,0x00000000ef580000)
 ParOldGen       total 276992K, used 82470K [0x00000000a0000000, 0x00000000b0e80000, 0x00000000e0000000)
  object space 276992K, 29% used [0x00000000a0000000,0x00000000a5089920,0x00000000b0e80000)
 Metaspace       used 92530K, capacity 97638K, committed 97880K, reserved 1134592K
  class space    used 12269K, capacity 13317K, committed 13440K, reserved 1048576K
}
Event: 1727.836 GC heap before
{Heap before GC invocations=22 (full 3):
 PSYoungGen      total 246784K, used 48243K [0x00000000e0000000, 0x00000000f3400000, 0x0000000100000000)
  eden space 195072K, 2% used [0x00000000e0000000,0x00000000e03e7dd8,0x00000000ebe80000)
  from space 51712K, 85% used [0x00000000ef580000,0x00000000f20b4f38,0x00000000f2800000)
  to   space 56320K, 0% used [0x00000000ebe80000,0x00000000ebe80000,0x00000000ef580000)
 ParOldGen       total 276992K, used 82470K [0x00000000a0000000, 0x00000000b0e80000, 0x00000000e0000000)
  object space 276992K, 29% used [0x00000000a0000000,0x00000000a5089920,0x00000000b0e80000)
 Metaspace       used 93109K, capacity 98296K, committed 98380K, reserved 1134592K
  class space    used 12356K, capacity 13400K, committed 13440K, reserved 1048576K
Event: 1727.857 GC heap after
Heap after GC invocations=22 (full 3):
 PSYoungGen      total 251392K, used 35871K [0x00000000e0000000, 0x00000000f6780000, 0x0000000100000000)
  eden space 195072K, 0% used [0x00000000e0000000,0x00000000e0000000,0x00000000ebe80000)
  from space 56320K, 63% used [0x00000000ebe80000,0x00000000ee187ed0,0x00000000ef580000)
  to   space 57344K, 0% used [0x00000000f2f80000,0x00000000f2f80000,0x00000000f6780000)
 ParOldGen       total 276992K, used 82478K [0x00000000a0000000, 0x00000000b0e80000, 0x00000000e0000000)
  object space 276992K, 29% used [0x00000000a0000000,0x00000000a508b920,0x00000000b0e80000)
 Metaspace       used 93109K, capacity 98296K, committed 98380K, reserved 1134592K
  class space    used 12356K, capacity 13400K, committed 13440K, reserved 1048576K
}
Event: 1727.857 GC heap before
{Heap before GC invocations=23 (full 4):
 PSYoungGen      total 251392K, used 35871K [0x00000000e0000000, 0x00000000f6780000, 0x0000000100000000)
  eden space 195072K, 0% used [0x00000000e0000000,0x00000000e0000000,0x00000000ebe80000)
  from space 56320K, 63% used [0x00000000ebe80000,0x00000000ee187ed0,0x00000000ef580000)
  to   space 57344K, 0% used [0x00000000f2f80000,0x00000000f2f80000,0x00000000f6780000)
 ParOldGen       total 276992K, used 82478K [0x00000000a0000000, 0x00000000b0e80000, 0x00000000e0000000)
  object space 276992K, 29% used [0x00000000a0000000,0x00000000a508b920,0x00000000b0e80000)
 Metaspace       used 93109K, capacity 98296K, committed 98380K, reserved 1134592K
  class space    used 12356K, capacity 13400K, committed 13440K, reserved 1048576K
Event: 1728.166 GC heap after
Heap after GC invocations=23 (full 4):
 PSYoungGen      total 251392K, used 0K [0x00000000e0000000, 0x00000000f6780000, 0x0000000100000000)
  eden space 195072K, 0% used [0x00000000e0000000,0x00000000e0000000,0x00000000ebe80000)
  from space 56320K, 0% used [0x00000000ebe80000,0x00000000ebe80000,0x00000000ef580000)
  to   space 57344K, 0% used [0x00000000f2f80000,0x00000000f2f80000,0x00000000f6780000)
 ParOldGen       total 361472K, used 82195K [0x00000000a0000000, 0x00000000b6100000, 0x00000000e0000000)
  object space 361472K, 22% used [0x00000000a0000000,0x00000000a5044dd0,0x00000000b6100000)
 Metaspace       used 92469K, capacity 96698K, committed 98380K, reserved 1134592K
  class space    used 12155K, capacity 13049K, committed 13440K, reserved 1048576K
}
Event: 1804.427 GC heap before
{Heap before GC invocations=24 (full 4):
 PSYoungGen      total 251392K, used 195072K [0x00000000e0000000, 0x00000000f6780000, 0x0000000100000000)
  eden space 195072K, 100% used [0x00000000e0000000,0x00000000ebe80000,0x00000000ebe80000)
  from space 56320K, 0% used [0x00000000ebe80000,0x00000000ebe80000,0x00000000ef580000)
  to   space 57344K, 0% used [0x00000000f2f80000,0x00000000f2f80000,0x00000000f6780000)
 ParOldGen       total 361472K, used 82195K [0x00000000a0000000, 0x00000000b6100000, 0x00000000e0000000)
  object space 361472K, 22% used [0x00000000a0000000,0x00000000a5044dd0,0x00000000b6100000)
 Metaspace       used 97208K, capacity 102592K, committed 102732K, reserved 1138688K
  class space    used 12917K, capacity 13934K, committed 13952K, reserved 1048576K
Event: 1804.454 GC heap after
Heap after GC invocations=24 (full 4):
 PSYoungGen      total 309760K, used 12509K [0x00000000e0000000, 0x00000000f6680000, 0x0000000100000000)
  eden space 253440K, 0% used [0x00000000e0000000,0x00000000e0000000,0x00000000ef780000)
  from space 56320K, 22% used [0x00000000f2f80000,0x00000000f3bb74a8,0x00000000f6680000)
  to   space 56832K, 0% used [0x00000000ef780000,0x00000000ef780000,0x00000000f2f00000)
 ParOldGen       total 361472K, used 82203K [0x00000000a0000000, 0x00000000b6100000, 0x00000000e0000000)
  object space 361472K, 22% used [0x00000000a0000000,0x00000000a5046dd0,0x00000000b6100000)
 Metaspace       used 97208K, capacity 102592K, committed 102732K, reserved 1138688K
  class space    used 12917K, capacity 13934K, committed 13952K, reserved 1048576K
}
Event: 2500.288 GC heap before
{Heap before GC invocations=25 (full 4):
 PSYoungGen      total 309760K, used 265949K [0x00000000e0000000, 0x00000000f6680000, 0x0000000100000000)
  eden space 253440K, 100% used [0x00000000e0000000,0x00000000ef780000,0x00000000ef780000)
  from space 56320K, 22% used [0x00000000f2f80000,0x00000000f3bb74a8,0x00000000f6680000)
  to   space 56832K, 0% used [0x00000000ef780000,0x00000000ef780000,0x00000000f2f00000)
 ParOldGen       total 361472K, used 82203K [0x00000000a0000000, 0x00000000b6100000, 0x00000000e0000000)
  object space 361472K, 22% used [0x00000000a0000000,0x00000000a5046dd0,0x00000000b6100000)
 Metaspace       used 97566K, capacity 102976K, committed 103116K, reserved 1138688K
  class space    used 12932K, capacity 13952K, committed 14080K, reserved 1048576K
Event: 2500.337 GC heap after
Heap after GC invocations=25 (full 4):
 PSYoungGen      total 310272K, used 6109K [0x00000000e0000000, 0x00000000f6680000, 0x0000000100000000)
  eden space 253440K, 0% used [0x00000000e0000000,0x00000000e0000000,0x00000000ef780000)
  from space 56832K, 10% used [0x00000000ef780000,0x00000000efd77738,0x00000000f2f00000)
  to   space 56320K, 0% used [0x00000000f2f80000,0x00000000f2f80000,0x00000000f6680000)
 ParOldGen       total 361472K, used 82211K [0x00000000a0000000, 0x00000000b6100000, 0x00000000e0000000)
  object space 361472K, 22% used [0x00000000a0000000,0x00000000a5048dd0,0x00000000b6100000)
 Metaspace       used 97566K, capacity 102976K, committed 103116K, reserved 1138688K
  class space    used 12932K, capacity 13952K, committed 14080K, reserved 1048576K
}

