Heap:
 PSYoungGen      total 165376K, used 46436K [0x00000000e0000000, 0x00000000ec180000, 0x0000000100000000)
  eden space 139776K, 14% used [0x00000000e0000000,0x00000000e1460cc8,0x00000000e8880000)
  from space 25600K, 99% used [0x00000000e8880000,0x00000000ea178500,0x00000000ea180000)
  to   space 22016K, 0% used [0x00000000ea180000,0x00000000ea180000,0x00000000eb700000)
 ParOldGen       total 312832K, used 46436K [0x00000000a0000000, 0x00000000b3180000, 0x00000000e0000000)
  object space 312832K, 14% used [0x00000000a0000000,0x00000000a2d59110,0x00000000b3180000)
 Metaspace       used 71131K, capacity 73806K, committed 74136K, reserved 1114112K
  class space    used 9439K, capacity 10047K, committed 10152K, reserved 1048576K
GC Heap History (10 events):
Event: 38.664 GC heap before
{Heap before GC invocations=12 (full 3):
 PSYoungGen      total 134656K, used 16892K [0x00000000e0000000, 0x00000000eae00000, 0x0000000100000000)
  eden space 117760K, 0% used [0x00000000e0000000,0x00000000e0000000,0x00000000e7300000)
  from space 16896K, 99% used [0x00000000e7300000,0x00000000e837f340,0x00000000e8380000)
  to   space 20992K, 0% used [0x00000000e9980000,0x00000000e9980000,0x00000000eae00000)
 ParOldGen       total 199680K, used 24886K [0x00000000a0000000, 0x00000000ac300000, 0x00000000e0000000)
  object space 199680K, 12% used [0x00000000a0000000,0x00000000a184d978,0x00000000ac300000)
 Metaspace       used 57391K, capacity 59082K, committed 59160K, reserved 1099776K
  class space    used 7763K, capacity 8203K, committed 8232K, reserved 1048576K
Event: 40.154 GC heap after
Heap after GC invocations=12 (full 3):
 PSYoungGen      total 134656K, used 0K [0x00000000e0000000, 0x00000000eae00000, 0x0000000100000000)
  eden space 117760K, 0% used [0x00000000e0000000,0x00000000e0000000,0x00000000e7300000)
  from space 16896K, 0% used [0x00000000e7300000,0x00000000e7300000,0x00000000e8380000)
  to   space 20992K, 0% used [0x00000000e9980000,0x00000000e9980000,0x00000000eae00000)
 ParOldGen       total 312832K, used 36960K [0x00000000a0000000, 0x00000000b3180000, 0x00000000e0000000)
  object space 312832K, 11% used [0x00000000a0000000,0x00000000a24180d0,0x00000000b3180000)
 Metaspace       used 57391K, capacity 59082K, committed 59160K, reserved 1099776K
  class space    used 7763K, capacity 8203K, committed 8232K, reserved 1048576K
}
Event: 48.402 GC heap before
{Heap before GC invocations=13 (full 3):
 PSYoungGen      total 134656K, used 117760K [0x00000000e0000000, 0x00000000eae00000, 0x0000000100000000)
  eden space 117760K, 100% used [0x00000000e0000000,0x00000000e7300000,0x00000000e7300000)
  from space 16896K, 0% used [0x00000000e7300000,0x00000000e7300000,0x00000000e8380000)
  to   space 20992K, 0% used [0x00000000e9980000,0x00000000e9980000,0x00000000eae00000)
 ParOldGen       total 312832K, used 36960K [0x00000000a0000000, 0x00000000b3180000, 0x00000000e0000000)
  object space 312832K, 11% used [0x00000000a0000000,0x00000000a24180d0,0x00000000b3180000)
 Metaspace       used 62295K, capacity 64526K, committed 64792K, reserved 1105920K
  class space    used 8432K, capacity 8953K, committed 9000K, reserved 1048576K
Event: 48.516 GC heap after
Heap after GC invocations=13 (full 3):
 PSYoungGen      total 142848K, used 11619K [0x00000000e0000000, 0x00000000ea600000, 0x0000000100000000)
  eden space 130048K, 0% used [0x00000000e0000000,0x00000000e0000000,0x00000000e7f00000)
  from space 12800K, 90% used [0x00000000e9980000,0x00000000ea4d8d10,0x00000000ea600000)
  to   space 19968K, 0% used [0x00000000e7f00000,0x00000000e7f00000,0x00000000e9280000)
 ParOldGen       total 312832K, used 36968K [0x00000000a0000000, 0x00000000b3180000, 0x00000000e0000000)
  object space 312832K, 11% used [0x00000000a0000000,0x00000000a241a0d0,0x00000000b3180000)
 Metaspace       used 62295K, capacity 64526K, committed 64792K, reserved 1105920K
  class space    used 8432K, capacity 8953K, committed 9000K, reserved 1048576K
}
Event: 57.013 GC heap before
{Heap before GC invocations=14 (full 3):
 PSYoungGen      total 142848K, used 141667K [0x00000000e0000000, 0x00000000ea600000, 0x0000000100000000)
  eden space 130048K, 100% used [0x00000000e0000000,0x00000000e7f00000,0x00000000e7f00000)
  from space 12800K, 90% used [0x00000000e9980000,0x00000000ea4d8d10,0x00000000ea600000)
  to   space 19968K, 0% used [0x00000000e7f00000,0x00000000e7f00000,0x00000000e9280000)
 ParOldGen       total 312832K, used 36968K [0x00000000a0000000, 0x00000000b3180000, 0x00000000e0000000)
  object space 312832K, 11% used [0x00000000a0000000,0x00000000a241a0d0,0x00000000b3180000)
 Metaspace       used 64803K, capacity 67120K, committed 67224K, reserved 1107968K
  class space    used 8767K, capacity 9314K, committed 9384K, reserved 1048576K
Event: 57.091 GC heap after
Heap after GC invocations=14 (full 3):
 PSYoungGen      total 150016K, used 19137K [0x00000000e0000000, 0x00000000eb700000, 0x0000000100000000)
  eden space 130048K, 0% used [0x00000000e0000000,0x00000000e0000000,0x00000000e7f00000)
  from space 19968K, 95% used [0x00000000e7f00000,0x00000000e91b0478,0x00000000e9280000)
  to   space 22016K, 0% used [0x00000000ea180000,0x00000000ea180000,0x00000000eb700000)
 ParOldGen       total 312832K, used 36976K [0x00000000a0000000, 0x00000000b3180000, 0x00000000e0000000)
  object space 312832K, 11% used [0x00000000a0000000,0x00000000a241c0d0,0x00000000b3180000)
 Metaspace       used 64803K, capacity 67120K, committed 67224K, reserved 1107968K
  class space    used 8767K, capacity 9314K, committed 9384K, reserved 1048576K
}
Event: 63.380 GC heap before
{Heap before GC invocations=15 (full 3):
 PSYoungGen      total 150016K, used 149185K [0x00000000e0000000, 0x00000000eb700000, 0x0000000100000000)
  eden space 130048K, 100% used [0x00000000e0000000,0x00000000e7f00000,0x00000000e7f00000)
  from space 19968K, 95% used [0x00000000e7f00000,0x00000000e91b0478,0x00000000e9280000)
  to   space 22016K, 0% used [0x00000000ea180000,0x00000000ea180000,0x00000000eb700000)
 ParOldGen       total 312832K, used 36976K [0x00000000a0000000, 0x00000000b3180000, 0x00000000e0000000)
  object space 312832K, 11% used [0x00000000a0000000,0x00000000a241c0d0,0x00000000b3180000)
 Metaspace       used 66395K, capacity 68762K, committed 69016K, reserved 1107968K
  class space    used 9026K, capacity 9539K, committed 9640K, reserved 1048576K
Event: 63.521 GC heap after
Heap after GC invocations=15 (full 3):
 PSYoungGen      total 161792K, used 22001K [0x00000000e0000000, 0x00000000ec180000, 0x0000000100000000)
  eden space 139776K, 0% used [0x00000000e0000000,0x00000000e0000000,0x00000000e8880000)
  from space 22016K, 99% used [0x00000000ea180000,0x00000000eb6fc510,0x00000000eb700000)
  to   space 25600K, 0% used [0x00000000e8880000,0x00000000e8880000,0x00000000ea180000)
 ParOldGen       total 312832K, used 39878K [0x00000000a0000000, 0x00000000b3180000, 0x00000000e0000000)
  object space 312832K, 12% used [0x00000000a0000000,0x00000000a26f19b8,0x00000000b3180000)
 Metaspace       used 66395K, capacity 68762K, committed 69016K, reserved 1107968K
  class space    used 9026K, capacity 9539K, committed 9640K, reserved 1048576K
}
Event: 182.592 GC heap before
{Heap before GC invocations=16 (full 3):
 PSYoungGen      total 161792K, used 161777K [0x00000000e0000000, 0x00000000ec180000, 0x0000000100000000)
  eden space 139776K, 100% used [0x00000000e0000000,0x00000000e8880000,0x00000000e8880000)
  from space 22016K, 99% used [0x00000000ea180000,0x00000000eb6fc510,0x00000000eb700000)
  to   space 25600K, 0% used [0x00000000e8880000,0x00000000e8880000,0x00000000ea180000)
 ParOldGen       total 312832K, used 39878K [0x00000000a0000000, 0x00000000b3180000, 0x00000000e0000000)
  object space 312832K, 12% used [0x00000000a0000000,0x00000000a26f19b8,0x00000000b3180000)
 Metaspace       used 71127K, capacity 73806K, committed 74136K, reserved 1114112K
  class space    used 9439K, capacity 10047K, committed 10152K, reserved 1048576K
Event: 182.677 GC heap after
Heap after GC invocations=16 (full 3):
 PSYoungGen      total 165376K, used 25569K [0x00000000e0000000, 0x00000000ec180000, 0x0000000100000000)
  eden space 139776K, 0% used [0x00000000e0000000,0x00000000e0000000,0x00000000e8880000)
  from space 25600K, 99% used [0x00000000e8880000,0x00000000ea178500,0x00000000ea180000)
  to   space 22016K, 0% used [0x00000000ea180000,0x00000000ea180000,0x00000000eb700000)
 ParOldGen       total 312832K, used 46436K [0x00000000a0000000, 0x00000000b3180000, 0x00000000e0000000)
  object space 312832K, 14% used [0x00000000a0000000,0x00000000a2d59110,0x00000000b3180000)
 Metaspace       used 71127K, capacity 73806K, committed 74136K, reserved 1114112K
  class space    used 9439K, capacity 10047K, committed 10152K, reserved 1048576K
}

