# JRE version: OpenJDK Runtime Environment (8.0_202-b03) (build 1.8.0_202-release-1483-b03)
# Java VM: OpenJDK 64-Bit Server VM (25.202-b03 mixed mode windows-amd64 compressed oops)
Heap:
 PSYoungGen      total 422912K, used 78939K [0x00000000e0000000, 0x00000000ff280000, 0x0000000100000000)
  eden space 350720K, 16% used [0x00000000e0000000,0x00000000e36f4a18,0x00000000f5680000)
  from space 72192K, 31% used [0x00000000fac00000,0x00000000fc222338,0x00000000ff280000)
  to   space 79872K, 0% used [0x00000000f5680000,0x00000000f5680000,0x00000000fa480000)
 ParOldGen       total 344064K, used 241049K [0x00000000a0000000, 0x00000000b5000000, 0x00000000e0000000)
  object space 344064K, 70% used [0x00000000a0000000,0x00000000aeb66568,0x00000000b5000000)
 Metaspace       used 108857K, capacity 115308K, committed 115416K, reserved 1148928K
  class space    used 14080K, capacity 15268K, committed 15360K, reserved 1048576K
GC Heap History (10 events):
Event: 2264.961 GC heap before
{Heap before GC invocations=26 (full 4):
 PSYoungGen      total 471552K, used 471540K [0x00000000e0000000, 0x0000000100000000, 0x0000000100000000)
  eden space 418816K, 100% used [0x00000000e0000000,0x00000000f9900000,0x00000000f9900000)
  from space 52736K, 99% used [0x00000000f9900000,0x00000000fcc7d0e8,0x00000000fcc80000)
  to   space 52736K, 0% used [0x00000000fcc80000,0x00000000fcc80000,0x0000000100000000)
 ParOldGen       total 344064K, used 189834K [0x00000000a0000000, 0x00000000b5000000, 0x00000000e0000000)
  object space 344064K, 55% used [0x00000000a0000000,0x00000000ab962a90,0x00000000b5000000)
 Metaspace       used 104106K, capacity 109618K, committed 110040K, reserved 1144832K
  class space    used 13631K, capacity 14671K, committed 14848K, reserved 1048576K
Event: 2265.322 GC heap after
Heap after GC invocations=26 (full 4):
 PSYoungGen      total 391680K, used 9193K [0x00000000e0000000, 0x0000000100000000, 0x0000000100000000)
  eden space 338944K, 0% used [0x00000000e0000000,0x00000000e0000000,0x00000000f4b00000)
  from space 52736K, 17% used [0x00000000fcc80000,0x00000000fd57a5c0,0x0000000100000000)
  to   space 92672K, 0% used [0x00000000f4b00000,0x00000000f4b00000,0x00000000fa580000)
 ParOldGen       total 344064K, used 229315K [0x00000000a0000000, 0x00000000b5000000, 0x00000000e0000000)
  object space 344064K, 66% used [0x00000000a0000000,0x00000000adff0c08,0x00000000b5000000)
 Metaspace       used 104106K, capacity 109618K, committed 110040K, reserved 1144832K
  class space    used 13631K, capacity 14671K, committed 14848K, reserved 1048576K
}
Event: 2338.125 GC heap before
{Heap before GC invocations=27 (full 4):
 PSYoungGen      total 391680K, used 348137K [0x00000000e0000000, 0x0000000100000000, 0x0000000100000000)
  eden space 338944K, 100% used [0x00000000e0000000,0x00000000f4b00000,0x00000000f4b00000)
  from space 52736K, 17% used [0x00000000fcc80000,0x00000000fd57a5c0,0x0000000100000000)
  to   space 92672K, 0% used [0x00000000f4b00000,0x00000000f4b00000,0x00000000fa580000)
 ParOldGen       total 344064K, used 229315K [0x00000000a0000000, 0x00000000b5000000, 0x00000000e0000000)
  object space 344064K, 66% used [0x00000000a0000000,0x00000000adff0c08,0x00000000b5000000)
 Metaspace       used 104588K, capacity 110392K, committed 110552K, reserved 1144832K
  class space    used 13676K, capacity 14782K, committed 14848K, reserved 1048576K
Event: 2338.175 GC heap after
Heap after GC invocations=27 (full 4):
 PSYoungGen      total 431616K, used 8912K [0x00000000e0000000, 0x0000000100000000, 0x0000000100000000)
  eden space 338944K, 0% used [0x00000000e0000000,0x00000000e0000000,0x00000000f4b00000)
  from space 92672K, 9% used [0x00000000f4b00000,0x00000000f53b4030,0x00000000fa580000)
  to   space 90624K, 0% used [0x00000000fa780000,0x00000000fa780000,0x0000000100000000)
 ParOldGen       total 344064K, used 230587K [0x00000000a0000000, 0x00000000b5000000, 0x00000000e0000000)
  object space 344064K, 67% used [0x00000000a0000000,0x00000000ae12ece8,0x00000000b5000000)
 Metaspace       used 104588K, capacity 110392K, committed 110552K, reserved 1144832K
  class space    used 13676K, capacity 14782K, committed 14848K, reserved 1048576K
}
Event: 2519.928 GC heap before
{Heap before GC invocations=28 (full 4):
 PSYoungGen      total 431616K, used 347856K [0x00000000e0000000, 0x0000000100000000, 0x0000000100000000)
  eden space 338944K, 100% used [0x00000000e0000000,0x00000000f4b00000,0x00000000f4b00000)
  from space 92672K, 9% used [0x00000000f4b00000,0x00000000f53b4030,0x00000000fa580000)
  to   space 90624K, 0% used [0x00000000fa780000,0x00000000fa780000,0x0000000100000000)
 ParOldGen       total 344064K, used 230587K [0x00000000a0000000, 0x00000000b5000000, 0x00000000e0000000)
  object space 344064K, 67% used [0x00000000a0000000,0x00000000ae12ece8,0x00000000b5000000)
 Metaspace       used 107083K, capacity 113538K, committed 113752K, reserved 1148928K
  class space    used 13954K, capacity 15177K, committed 15232K, reserved 1048576K
Event: 2519.950 GC heap after
Heap after GC invocations=28 (full 4):
 PSYoungGen      total 424448K, used 8958K [0x00000000e0000000, 0x00000000ff900000, 0x0000000100000000)
  eden space 340992K, 0% used [0x00000000e0000000,0x00000000e0000000,0x00000000f4d00000)
  from space 83456K, 10% used [0x00000000fa780000,0x00000000fb03fa60,0x00000000ff900000)
  to   space 88064K, 0% used [0x00000000f4d00000,0x00000000f4d00000,0x00000000fa300000)
 ParOldGen       total 344064K, used 231015K [0x00000000a0000000, 0x00000000b5000000, 0x00000000e0000000)
  object space 344064K, 67% used [0x00000000a0000000,0x00000000ae199d28,0x00000000b5000000)
 Metaspace       used 107083K, capacity 113538K, committed 113752K, reserved 1148928K
  class space    used 13954K, capacity 15177K, committed 15232K, reserved 1048576K
}
Event: 2522.805 GC heap before
{Heap before GC invocations=29 (full 4):
 PSYoungGen      total 424448K, used 349950K [0x00000000e0000000, 0x00000000ff900000, 0x0000000100000000)
  eden space 340992K, 100% used [0x00000000e0000000,0x00000000f4d00000,0x00000000f4d00000)
  from space 83456K, 10% used [0x00000000fa780000,0x00000000fb03fa60,0x00000000ff900000)
  to   space 88064K, 0% used [0x00000000f4d00000,0x00000000f4d00000,0x00000000fa300000)
 ParOldGen       total 344064K, used 231015K [0x00000000a0000000, 0x00000000b5000000, 0x00000000e0000000)
  object space 344064K, 67% used [0x00000000a0000000,0x00000000ae199d28,0x00000000b5000000)
 Metaspace       used 107565K, capacity 113998K, committed 114264K, reserved 1148928K
  class space    used 13989K, capacity 15179K, committed 15232K, reserved 1048576K
Event: 2522.828 GC heap after
Heap after GC invocations=29 (full 4):
 PSYoungGen      total 429056K, used 5571K [0x00000000e0000000, 0x00000000fff80000, 0x0000000100000000)
  eden space 340992K, 0% used [0x00000000e0000000,0x00000000e0000000,0x00000000f4d00000)
  from space 88064K, 6% used [0x00000000f4d00000,0x00000000f5270c28,0x00000000fa300000)
  to   space 85504K, 0% used [0x00000000fac00000,0x00000000fac00000,0x00000000fff80000)
 ParOldGen       total 344064K, used 238142K [0x00000000a0000000, 0x00000000b5000000, 0x00000000e0000000)
  object space 344064K, 69% used [0x00000000a0000000,0x00000000ae88fa00,0x00000000b5000000)
 Metaspace       used 107565K, capacity 113998K, committed 114264K, reserved 1148928K
  class space    used 13989K, capacity 15179K, committed 15232K, reserved 1048576K
}
Event: 2536.709 GC heap before
{Heap before GC invocations=30 (full 4):
 PSYoungGen      total 429056K, used 346563K [0x00000000e0000000, 0x00000000fff80000, 0x0000000100000000)
  eden space 340992K, 100% used [0x00000000e0000000,0x00000000f4d00000,0x00000000f4d00000)
  from space 88064K, 6% used [0x00000000f4d00000,0x00000000f5270c28,0x00000000fa300000)
  to   space 85504K, 0% used [0x00000000fac00000,0x00000000fac00000,0x00000000fff80000)
 ParOldGen       total 344064K, used 238142K [0x00000000a0000000, 0x00000000b5000000, 0x00000000e0000000)
  object space 344064K, 69% used [0x00000000a0000000,0x00000000ae88fa00,0x00000000b5000000)
 Metaspace       used 108634K, capacity 115106K, committed 115416K, reserved 1148928K
  class space    used 14067K, capacity 15267K, committed 15360K, reserved 1048576K
Event: 2536.747 GC heap after
Heap after GC invocations=30 (full 4):
 PSYoungGen      total 422912K, used 22664K [0x00000000e0000000, 0x00000000ff280000, 0x0000000100000000)
  eden space 350720K, 0% used [0x00000000e0000000,0x00000000e0000000,0x00000000f5680000)
  from space 72192K, 31% used [0x00000000fac00000,0x00000000fc222338,0x00000000ff280000)
  to   space 79872K, 0% used [0x00000000f5680000,0x00000000f5680000,0x00000000fa480000)
 ParOldGen       total 344064K, used 241049K [0x00000000a0000000, 0x00000000b5000000, 0x00000000e0000000)
  object space 344064K, 70% used [0x00000000a0000000,0x00000000aeb66568,0x00000000b5000000)
 Metaspace       used 108634K, capacity 115106K, committed 115416K, reserved 1148928K
  class space    used 14067K, capacity 15267K, committed 15360K, reserved 1048576K
}

